# JRE version: OpenJDK Runtime Environment (11.0.11+9) (build 11.0.11+9-Ubuntu-0ubuntu2.18.04)
# Java VM: OpenJDK 64-Bit Server VM (11.0.11+9-Ubuntu-0ubuntu2.18.04, mixed mode, sharing, tiered, compressed oops, serial gc, linux-amd64)
Heap:
 def new generation   total 8448K, used 4645K [0x00000000f0800000, 0x00000000f1120000, 0x00000000f5aa0000)
  eden space 7552K,  59% used [0x00000000f0800000, 0x00000000f0c5bf48, 0x00000000f0f60000)
  from space 896K,  20% used [0x00000000f0f60000, 0x00000000f0f8d858, 0x00000000f1040000)
  to   space 896K,   0% used [0x00000000f1040000, 0x00000000f1040000, 0x00000000f1120000)
 tenured generation   total 18560K, used 16647K [0x00000000f5aa0000, 0x00000000f6cc0000, 0x0000000100000000)
   the space 18560K,  89% used [0x00000000f5aa0000, 0x00000000f6ae1c30, 0x00000000f6ae1e00, 0x00000000f6cc0000)
 Metaspace       used 20627K, capacity 21339K, committed 21760K, reserved 1069056K
  class space    used 2230K, capacity 2442K, committed 2560K, reserved 1048576K
GC Heap History (20 events):
Event: 5.010 GC heap before
{Heap before GC invocations=51 (full 1):
 def new generation   total 8448K, used 8126K [0x00000000f0800000, 0x00000000f1120000, 0x00000000f5aa0000)
  eden space 7552K, 100% used [0x00000000f0800000, 0x00000000f0f60000, 0x00000000f0f60000)
  from space 896K,  64% used [0x00000000f0f60000, 0x00000000f0fef8b0, 0x00000000f1040000)
  to   space 896K,   0% used [0x00000000f1040000, 0x00000000f1040000, 0x00000000f1120000)
 tenured generation   total 18560K, used 13328K [0x00000000f5aa0000, 0x00000000f6cc0000, 0x0000000100000000)
   the space 18560K,  71% used [0x00000000f5aa0000, 0x00000000f67a42c0, 0x00000000f67a4400, 0x00000000f6cc0000)
 Metaspace       used 17666K, capacity 18909K, committed 19200K, reserved 1067008K
  class space    used 1944K, capacity 2196K, committed 2304K, reserved 1048576K
}
Event: 5.012 GC heap after
{Heap after GC invocations=52 (full 1):
 def new generation   total 8448K, used 624K [0x00000000f0800000, 0x00000000f1120000, 0x00000000f5aa0000)
  eden space 7552K,   0% used [0x00000000f0800000, 0x00000000f0800000, 0x00000000f0f60000)
  from space 896K,  69% used [0x00000000f1040000, 0x00000000f10dc3d0, 0x00000000f1120000)
  to   space 896K,   0% used [0x00000000f0f60000, 0x00000000f0f60000, 0x00000000f1040000)
 tenured generation   total 18560K, used 13539K [0x00000000f5aa0000, 0x00000000f6cc0000, 0x0000000100000000)
   the space 18560K,  72% used [0x00000000f5aa0000, 0x00000000f67d8eb0, 0x00000000f67d9000, 0x00000000f6cc0000)
 Metaspace       used 17666K, capacity 18909K, committed 19200K, reserved 1067008K
  class space    used 1944K, capacity 2196K, committed 2304K, reserved 1048576K
}
Event: 5.085 GC heap before
{Heap before GC invocations=52 (full 1):
 def new generation   total 8448K, used 8176K [0x00000000f0800000, 0x00000000f1120000, 0x00000000f5aa0000)
  eden space 7552K, 100% used [0x00000000f0800000, 0x00000000f0f60000, 0x00000000f0f60000)
  from space 896K,  69% used [0x00000000f1040000, 0x00000000f10dc3d0, 0x00000000f1120000)
  to   space 896K,   0% used [0x00000000f0f60000, 0x00000000f0f60000, 0x00000000f1040000)
 tenured generation   total 18560K, used 13539K [0x00000000f5aa0000, 0x00000000f6cc0000, 0x0000000100000000)
   the space 18560K,  72% used [0x00000000f5aa0000, 0x00000000f67d8eb0, 0x00000000f67d9000, 0x00000000f6cc0000)
 Metaspace       used 17869K, capacity 19154K, committed 19456K, reserved 1067008K
  class space    used 1953K, capacity 2231K, committed 2304K, reserved 1048576K
}
Event: 5.088 GC heap after
{Heap after GC invocations=53 (full 1):
 def new generation   total 8448K, used 562K [0x00000000f0800000, 0x00000000f1120000, 0x00000000f5aa0000)
  eden space 7552K,   0% used [0x00000000f0800000, 0x00000000f0800000, 0x00000000f0f60000)
  from space 896K,  62% used [0x00000000f0f60000, 0x00000000f0fecb70, 0x00000000f1040000)
  to   space 896K,   0% used [0x00000000f1040000, 0x00000000f1040000, 0x00000000f1120000)
 tenured generation   total 18560K, used 13884K [0x00000000f5aa0000, 0x00000000f6cc0000, 0x0000000100000000)
   the space 18560K,  74% used [0x00000000f5aa0000, 0x00000000f682f348, 0x00000000f682f400, 0x00000000f6cc0000)
 Metaspace       used 17869K, capacity 19154K, committed 19456K, reserved 1067008K
  class space    used 1953K, capacity 2231K, committed 2304K, reserved 1048576K
}
Event: 5.161 GC heap before
{Heap before GC invocations=53 (full 1):
 def new generation   total 8448K, used 8114K [0x00000000f0800000, 0x00000000f1120000, 0x00000000f5aa0000)
  eden space 7552K, 100% used [0x00000000f0800000, 0x00000000f0f60000, 0x00000000f0f60000)
  from space 896K,  62% used [0x00000000f0f60000, 0x00000000f0fecb70, 0x00000000f1040000)
  to   space 896K,   0% used [0x00000000f1040000, 0x00000000f1040000, 0x00000000f1120000)
 tenured generation   total 18560K, used 13884K [0x00000000f5aa0000, 0x00000000f6cc0000, 0x0000000100000000)
   the space 18560K,  74% used [0x00000000f5aa0000, 0x00000000f682f348, 0x00000000f682f400, 0x00000000f6cc0000)
 Metaspace       used 18318K, capacity 19612K, committed 19968K, reserved 1067008K
  class space    used 2013K, capacity 2297K, committed 2304K, reserved 1048576K
}
Event: 5.164 GC heap after
{Heap after GC invocations=54 (full 1):
 def new generation   total 8448K, used 896K [0x00000000f0800000, 0x00000000f1120000, 0x00000000f5aa0000)
  eden space 7552K,   0% used [0x00000000f0800000, 0x00000000f0800000, 0x00000000f0f60000)
  from space 896K, 100% used [0x00000000f1040000, 0x00000000f1120000, 0x00000000f1120000)
  to   space 896K,   0% used [0x00000000f0f60000, 0x00000000f0f60000, 0x00000000f1040000)
 tenured generation   total 18560K, used 14070K [0x00000000f5aa0000, 0x00000000f6cc0000, 0x0000000100000000)
   the space 18560K,  75% used [0x00000000f5aa0000, 0x00000000f685d8e8, 0x00000000f685da00, 0x00000000f6cc0000)
 Metaspace       used 18318K, capacity 19612K, committed 19968K, reserved 1067008K
  class space    used 2013K, capacity 2297K, committed 2304K, reserved 1048576K
}
Event: 5.298 GC heap before
{Heap before GC invocations=54 (full 1):
 def new generation   total 8448K, used 8448K [0x00000000f0800000, 0x00000000f1120000, 0x00000000f5aa0000)
  eden space 7552K, 100% used [0x00000000f0800000, 0x00000000f0f60000, 0x00000000f0f60000)
  from space 896K, 100% used [0x00000000f1040000, 0x00000000f1120000, 0x00000000f1120000)
  to   space 896K,   0% used [0x00000000f0f60000, 0x00000000f0f60000, 0x00000000f1040000)
 tenured generation   total 18560K, used 14070K [0x00000000f5aa0000, 0x00000000f6cc0000, 0x0000000100000000)
   the space 18560K,  75% used [0x00000000f5aa0000, 0x00000000f685d8e8, 0x00000000f685da00, 0x00000000f6cc0000)
 Metaspace       used 19029K, capacity 20143K, committed 20608K, reserved 1067008K
  class space    used 2064K, capacity 2305K, committed 2432K, reserved 1048576K
}
Event: 5.304 GC heap after
{Heap after GC invocations=55 (full 1):
 def new generation   total 8448K, used 895K [0x00000000f0800000, 0x00000000f1120000, 0x00000000f5aa0000)
  eden space 7552K,   0% used [0x00000000f0800000, 0x00000000f0800000, 0x00000000f0f60000)
  from space 896K,  99% used [0x00000000f0f60000, 0x00000000f103fff8, 0x00000000f1040000)
  to   space 896K,   0% used [0x00000000f1040000, 0x00000000f1040000, 0x00000000f1120000)
 tenured generation   total 18560K, used 14959K [0x00000000f5aa0000, 0x00000000f6cc0000, 0x0000000100000000)
   the space 18560K,  80% used [0x00000000f5aa0000, 0x00000000f693bea8, 0x00000000f693c000, 0x00000000f6cc0000)
 Metaspace       used 19029K, capacity 20143K, committed 20608K, reserved 1067008K
  class space    used 2064K, capacity 2305K, committed 2432K, reserved 1048576K
}
Event: 5.369 GC heap before
{Heap before GC invocations=55 (full 1):
 def new generation   total 8448K, used 8447K [0x00000000f0800000, 0x00000000f1120000, 0x00000000f5aa0000)
  eden space 7552K, 100% used [0x00000000f0800000, 0x00000000f0f60000, 0x00000000f0f60000)
  from space 896K,  99% used [0x00000000f0f60000, 0x00000000f103fff8, 0x00000000f1040000)
  to   space 896K,   0% used [0x00000000f1040000, 0x00000000f1040000, 0x00000000f1120000)
 tenured generation   total 18560K, used 14959K [0x00000000f5aa0000, 0x00000000f6cc0000, 0x0000000100000000)
   the space 18560K,  80% used [0x00000000f5aa0000, 0x00000000f693bea8, 0x00000000f693c000, 0x00000000f6cc0000)
 Metaspace       used 19079K, capacity 20175K, committed 20608K, reserved 1067008K
  class space    used 2066K, capacity 2337K, committed 2432K, reserved 1048576K
}
Event: 5.373 GC heap after
{Heap after GC invocations=56 (full 1):
 def new generation   total 8448K, used 424K [0x00000000f0800000, 0x00000000f1120000, 0x00000000f5aa0000)
  eden space 7552K,   0% used [0x00000000f0800000, 0x00000000f0800000, 0x00000000f0f60000)
  from space 896K,  47% used [0x00000000f1040000, 0x00000000f10aa010, 0x00000000f1120000)
  to   space 896K,   0% used [0x00000000f0f60000, 0x00000000f0f60000, 0x00000000f1040000)
 tenured generation   total 18560K, used 15418K [0x00000000f5aa0000, 0x00000000f6cc0000, 0x0000000100000000)
   the space 18560K,  83% used [0x00000000f5aa0000, 0x00000000f69aea18, 0x00000000f69aec00, 0x00000000f6cc0000)
 Metaspace       used 19079K, capacity 20175K, committed 20608K, reserved 1067008K
  class space    used 2066K, capacity 2337K, committed 2432K, reserved 1048576K
}
Event: 5.441 GC heap before
{Heap before GC invocations=56 (full 1):
 def new generation   total 8448K, used 7976K [0x00000000f0800000, 0x00000000f1120000, 0x00000000f5aa0000)
  eden space 7552K, 100% used [0x00000000f0800000, 0x00000000f0f60000, 0x00000000f0f60000)
  from space 896K,  47% used [0x00000000f1040000, 0x00000000f10aa010, 0x00000000f1120000)
  to   space 896K,   0% used [0x00000000f0f60000, 0x00000000f0f60000, 0x00000000f1040000)
 tenured generation   total 18560K, used 15418K [0x00000000f5aa0000, 0x00000000f6cc0000, 0x0000000100000000)
   the space 18560K,  83% used [0x00000000f5aa0000, 0x00000000f69aea18, 0x00000000f69aec00, 0x00000000f6cc0000)
 Metaspace       used 19246K, capacity 20335K, committed 20608K, reserved 1067008K
  class space    used 2073K, capacity 2369K, committed 2432K, reserved 1048576K
}
Event: 5.446 GC heap after
{Heap after GC invocations=57 (full 1):
 def new generation   total 8448K, used 896K [0x00000000f0800000, 0x00000000f1120000, 0x00000000f5aa0000)
  eden space 7552K,   0% used [0x00000000f0800000, 0x00000000f0800000, 0x00000000f0f60000)
  from space 896K, 100% used [0x00000000f0f60000, 0x00000000f1040000, 0x00000000f1040000)
  to   space 896K,   0% used [0x00000000f1040000, 0x00000000f1040000, 0x00000000f1120000)
 tenured generation   total 18560K, used 16025K [0x00000000f5aa0000, 0x00000000f6cc0000, 0x0000000100000000)
   the space 18560K,  86% used [0x00000000f5aa0000, 0x00000000f6a46658, 0x00000000f6a46800, 0x00000000f6cc0000)
 Metaspace       used 19246K, capacity 20335K, committed 20608K, reserved 1067008K
  class space    used 2073K, capacity 2369K, committed 2432K, reserved 1048576K
}
Event: 5.484 GC heap before
{Heap before GC invocations=57 (full 1):
 def new generation   total 8448K, used 8448K [0x00000000f0800000, 0x00000000f1120000, 0x00000000f5aa0000)
  eden space 7552K, 100% used [0x00000000f0800000, 0x00000000f0f60000, 0x00000000f0f60000)
  from space 896K, 100% used [0x00000000f0f60000, 0x00000000f1040000, 0x00000000f1040000)
  to   space 896K,   0% used [0x00000000f1040000, 0x00000000f1040000, 0x00000000f1120000)
 tenured generation   total 18560K, used 16025K [0x00000000f5aa0000, 0x00000000f6cc0000, 0x0000000100000000)
   the space 18560K,  86% used [0x00000000f5aa0000, 0x00000000f6a46658, 0x00000000f6a46800, 0x00000000f6cc0000)
 Metaspace       used 19269K, capacity 20399K, committed 20608K, reserved 1067008K
  class space    used 2073K, capacity 2369K, committed 2432K, reserved 1048576K
}
Event: 5.487 GC heap after
{Heap after GC invocations=58 (full 1):
 def new generation   total 8448K, used 875K [0x00000000f0800000, 0x00000000f1120000, 0x00000000f5aa0000)
  eden space 7552K,   0% used [0x00000000f0800000, 0x00000000f0800000, 0x00000000f0f60000)
  from space 896K,  97% used [0x00000000f1040000, 0x00000000f111af90, 0x00000000f1120000)
  to   space 896K,   0% used [0x00000000f0f60000, 0x00000000f0f60000, 0x00000000f1040000)
 tenured generation   total 18560K, used 16135K [0x00000000f5aa0000, 0x00000000f6cc0000, 0x0000000100000000)
   the space 18560K,  86% used [0x00000000f5aa0000, 0x00000000f6a61c88, 0x00000000f6a61e00, 0x00000000f6cc0000)
 Metaspace       used 19269K, capacity 20399K, committed 20608K, reserved 1067008K
  class space    used 2073K, capacity 2369K, committed 2432K, reserved 1048576K
}
Event: 5.512 GC heap before
{Heap before GC invocations=58 (full 1):
 def new generation   total 8448K, used 8427K [0x00000000f0800000, 0x00000000f1120000, 0x00000000f5aa0000)
  eden space 7552K, 100% used [0x00000000f0800000, 0x00000000f0f60000, 0x00000000f0f60000)
  from space 896K,  97% used [0x00000000f1040000, 0x00000000f111af90, 0x00000000f1120000)
  to   space 896K,   0% used [0x00000000f0f60000, 0x00000000f0f60000, 0x00000000f1040000)
 tenured generation   total 18560K, used 16135K [0x00000000f5aa0000, 0x00000000f6cc0000, 0x0000000100000000)
   the space 18560K,  86% used [0x00000000f5aa0000, 0x00000000f6a61c88, 0x00000000f6a61e00, 0x00000000f6cc0000)
 Metaspace       used 19277K, capacity 20399K, committed 20608K, reserved 1067008K
  class space    used 2073K, capacity 2369K, committed 2432K, reserved 1048576K
}
Event: 5.514 GC heap after
{Heap after GC invocations=59 (full 1):
 def new generation   total 8448K, used 483K [0x00000000f0800000, 0x00000000f1120000, 0x00000000f5aa0000)
  eden space 7552K,   0% used [0x00000000f0800000, 0x00000000f0800000, 0x00000000f0f60000)
  from space 896K,  53% used [0x00000000f0f60000, 0x00000000f0fd8d20, 0x00000000f1040000)
  to   space 896K,   0% used [0x00000000f1040000, 0x00000000f1040000, 0x00000000f1120000)
 tenured generation   total 18560K, used 16225K [0x00000000f5aa0000, 0x00000000f6cc0000, 0x0000000100000000)
   the space 18560K,  87% used [0x00000000f5aa0000, 0x00000000f6a78730, 0x00000000f6a78800, 0x00000000f6cc0000)
 Metaspace       used 19277K, capacity 20399K, committed 20608K, reserved 1067008K
  class space    used 2073K, capacity 2369K, committed 2432K, reserved 1048576K
}
Event: 5.538 GC heap before
{Heap before GC invocations=59 (full 1):
 def new generation   total 8448K, used 8035K [0x00000000f0800000, 0x00000000f1120000, 0x00000000f5aa0000)
  eden space 7552K, 100% used [0x00000000f0800000, 0x00000000f0f60000, 0x00000000f0f60000)
  from space 896K,  53% used [0x00000000f0f60000, 0x00000000f0fd8d20, 0x00000000f1040000)
  to   space 896K,   0% used [0x00000000f1040000, 0x00000000f1040000, 0x00000000f1120000)
 tenured generation   total 18560K, used 16225K [0x00000000f5aa0000, 0x00000000f6cc0000, 0x0000000100000000)
   the space 18560K,  87% used [0x00000000f5aa0000, 0x00000000f6a78730, 0x00000000f6a78800, 0x00000000f6cc0000)
 Metaspace       used 19278K, capacity 20399K, committed 20608K, reserved 1067008K
  class space    used 2073K, capacity 2369K, committed 2432K, reserved 1048576K
}
Event: 5.542 GC heap after
{Heap after GC invocations=60 (full 1):
 def new generation   total 8448K, used 896K [0x00000000f0800000, 0x00000000f1120000, 0x00000000f5aa0000)
  eden space 7552K,   0% used [0x00000000f0800000, 0x00000000f0800000, 0x00000000f0f60000)
  from space 896K, 100% used [0x00000000f1040000, 0x00000000f1120000, 0x00000000f1120000)
  to   space 896K,   0% used [0x00000000f0f60000, 0x00000000f0f60000, 0x00000000f1040000)
 tenured generation   total 18560K, used 16588K [0x00000000f5aa0000, 0x00000000f6cc0000, 0x0000000100000000)
   the space 18560K,  89% used [0x00000000f5aa0000, 0x00000000f6ad3018, 0x00000000f6ad3200, 0x00000000f6cc0000)
 Metaspace       used 19278K, capacity 20399K, committed 20608K, reserved 1067008K
  class space    used 2073K, capacity 2369K, committed 2432K, reserved 1048576K
}
Event: 5.617 GC heap before
{Heap before GC invocations=60 (full 1):
 def new generation   total 8448K, used 8448K [0x00000000f0800000, 0x00000000f1120000, 0x00000000f5aa0000)
  eden space 7552K, 100% used [0x00000000f0800000, 0x00000000f0f60000, 0x00000000f0f60000)
  from space 896K, 100% used [0x00000000f1040000, 0x00000000f1120000, 0x00000000f1120000)
  to   space 896K,   0% used [0x00000000f0f60000, 0x00000000f0f60000, 0x00000000f1040000)
 tenured generation   total 18560K, used 16588K [0x00000000f5aa0000, 0x00000000f6cc0000, 0x0000000100000000)
   the space 18560K,  89% used [0x00000000f5aa0000, 0x00000000f6ad3018, 0x00000000f6ad3200, 0x00000000f6cc0000)
 Metaspace       used 19700K, capacity 20751K, committed 21120K, reserved 1069056K
  class space    used 2123K, capacity 2401K, committed 2432K, reserved 1048576K
}
Event: 5.618 GC heap after
{Heap after GC invocations=61 (full 1):
 def new generation   total 8448K, used 182K [0x00000000f0800000, 0x00000000f1120000, 0x00000000f5aa0000)
  eden space 7552K,   0% used [0x00000000f0800000, 0x00000000f0800000, 0x00000000f0f60000)
  from space 896K,  20% used [0x00000000f0f60000, 0x00000000f0f8d858, 0x00000000f1040000)
  to   space 896K,   0% used [0x00000000f1040000, 0x00000000f1040000, 0x00000000f1120000)
 tenured generation   total 18560K, used 16647K [0x00000000f5aa0000, 0x00000000f6cc0000, 0x0000000100000000)
   the space 18560K,  89% used [0x00000000f5aa0000, 0x00000000f6ae1c30, 0x00000000f6ae1e00, 0x00000000f6cc0000)
 Metaspace       used 19700K, capacity 20751K, committed 21120K, reserved 1069056K
  class space    used 2123K, capacity 2401K, committed 2432K, reserved 1048576K
}

