# JRE version: OpenJDK Runtime Environment (11.0.11+9) (build 11.0.11+9-Ubuntu-0ubuntu2.18.04)
# Java VM: OpenJDK 64-Bit Server VM (11.0.11+9-Ubuntu-0ubuntu2.18.04, mixed mode, sharing, tiered, compressed oops, serial gc, linux-amd64)
Heap:
 def new generation   total 4928K, used 871K [0x00000000f0800000, 0x00000000f0d50000, 0x00000000f5aa0000)
  eden space 4416K,  13% used [0x00000000f0800000, 0x00000000f08983f0, 0x00000000f0c50000)
  from space 512K,  51% used [0x00000000f0c50000, 0x00000000f0c91988, 0x00000000f0cd0000)
  to   space 512K,   0% used [0x00000000f0cd0000, 0x00000000f0cd0000, 0x00000000f0d50000)
 tenured generation   total 10944K, used 2328K [0x00000000f5aa0000, 0x00000000f6550000, 0x0000000100000000)
   the space 10944K,  21% used [0x00000000f5aa0000, 0x00000000f5ce60f8, 0x00000000f5ce6200, 0x00000000f6550000)
 Metaspace       used 4871K, capacity 7065K, committed 7168K, reserved 1056768K
  class space    used 495K, capacity 716K, committed 768K, reserved 1048576K
GC Heap History (16 events):
Event: 0.429 GC heap before
{Heap before GC invocations=0 (full 0):
 def new generation   total 4928K, used 4416K [0x00000000f0800000, 0x00000000f0d50000, 0x00000000f5aa0000)
  eden space 4416K, 100% used [0x00000000f0800000, 0x00000000f0c50000, 0x00000000f0c50000)
  from space 512K,   0% used [0x00000000f0c50000, 0x00000000f0c50000, 0x00000000f0cd0000)
  to   space 512K,   0% used [0x00000000f0cd0000, 0x00000000f0cd0000, 0x00000000f0d50000)
 tenured generation   total 10944K, used 0K [0x00000000f5aa0000, 0x00000000f6550000, 0x0000000100000000)
   the space 10944K,   0% used [0x00000000f5aa0000, 0x00000000f5aa0000, 0x00000000f5aa0200, 0x00000000f6550000)
 Metaspace       used 1318K, capacity 4752K, committed 4864K, reserved 1056768K
  class space    used 144K, capacity 456K, committed 512K, reserved 1048576K
}
Event: 0.432 GC heap after
{Heap after GC invocations=1 (full 0):
 def new generation   total 4928K, used 512K [0x00000000f0800000, 0x00000000f0d50000, 0x00000000f5aa0000)
  eden space 4416K,   0% used [0x00000000f0800000, 0x00000000f0800000, 0x00000000f0c50000)
  from space 512K, 100% used [0x00000000f0cd0000, 0x00000000f0d50000, 0x00000000f0d50000)
  to   space 512K,   0% used [0x00000000f0c50000, 0x00000000f0c50000, 0x00000000f0cd0000)
 tenured generation   total 10944K, used 1320K [0x00000000f5aa0000, 0x00000000f6550000, 0x0000000100000000)
   the space 10944K,  12% used [0x00000000f5aa0000, 0x00000000f5bea288, 0x00000000f5bea400, 0x00000000f6550000)
 Metaspace       used 1318K, capacity 4752K, committed 4864K, reserved 1056768K
  class space    used 144K, capacity 456K, committed 512K, reserved 1048576K
}
Event: 0.750 GC heap before
{Heap before GC invocations=1 (full 0):
 def new generation   total 4928K, used 4928K [0x00000000f0800000, 0x00000000f0d50000, 0x00000000f5aa0000)
  eden space 4416K, 100% used [0x00000000f0800000, 0x00000000f0c50000, 0x00000000f0c50000)
  from space 512K, 100% used [0x00000000f0cd0000, 0x00000000f0d50000, 0x00000000f0d50000)
  to   space 512K,   0% used [0x00000000f0c50000, 0x00000000f0c50000, 0x00000000f0cd0000)
 tenured generation   total 10944K, used 1320K [0x00000000f5aa0000, 0x00000000f6550000, 0x0000000100000000)
   the space 10944K,  12% used [0x00000000f5aa0000, 0x00000000f5bea288, 0x00000000f5bea400, 0x00000000f6550000)
 Metaspace       used 2224K, capacity 5400K, committed 5760K, reserved 1056768K
  class space    used 220K, capacity 523K, committed 640K, reserved 1048576K
}
Event: 0.764 GC heap after
{Heap after GC invocations=2 (full 0):
 def new generation   total 4928K, used 179K [0x00000000f0800000, 0x00000000f0d50000, 0x00000000f5aa0000)
  eden space 4416K,   0% used [0x00000000f0800000, 0x00000000f0800000, 0x00000000f0c50000)
  from space 512K,  34% used [0x00000000f0c50000, 0x00000000f0c7cc38, 0x00000000f0cd0000)
  to   space 512K,   0% used [0x00000000f0cd0000, 0x00000000f0cd0000, 0x00000000f0d50000)
 tenured generation   total 10944K, used 1828K [0x00000000f5aa0000, 0x00000000f6550000, 0x0000000100000000)
   the space 10944K,  16% used [0x00000000f5aa0000, 0x00000000f5c69340, 0x00000000f5c69400, 0x00000000f6550000)
 Metaspace       used 2224K, capacity 5400K, committed 5760K, reserved 1056768K
  class space    used 220K, capacity 523K, committed 640K, reserved 1048576K
}
Event: 0.913 GC heap before
{Heap before GC invocations=2 (full 0):
 def new generation   total 4928K, used 4595K [0x00000000f0800000, 0x00000000f0d50000, 0x00000000f5aa0000)
  eden space 4416K, 100% used [0x00000000f0800000, 0x00000000f0c50000, 0x00000000f0c50000)
  from space 512K,  34% used [0x00000000f0c50000, 0x00000000f0c7cc38, 0x00000000f0cd0000)
  to   space 512K,   0% used [0x00000000f0cd0000, 0x00000000f0cd0000, 0x00000000f0d50000)
 tenured generation   total 10944K, used 1828K [0x00000000f5aa0000, 0x00000000f6550000, 0x0000000100000000)
   the space 10944K,  16% used [0x00000000f5aa0000, 0x00000000f5c69340, 0x00000000f5c69400, 0x00000000f6550000)
 Metaspace       used 2533K, capacity 5656K, committed 6016K, reserved 1056768K
  class space    used 239K, capacity 523K, committed 640K, reserved 1048576K
}
Event: 0.915 GC heap after
{Heap after GC invocations=3 (full 0):
 def new generation   total 4928K, used 385K [0x00000000f0800000, 0x00000000f0d50000, 0x00000000f5aa0000)
  eden space 4416K,   0% used [0x00000000f0800000, 0x00000000f0800000, 0x00000000f0c50000)
  from space 512K,  75% used [0x00000000f0cd0000, 0x00000000f0d304b8, 0x00000000f0d50000)
  to   space 512K,   0% used [0x00000000f0c50000, 0x00000000f0c50000, 0x00000000f0cd0000)
 tenured generation   total 10944K, used 1828K [0x00000000f5aa0000, 0x00000000f6550000, 0x0000000100000000)
   the space 10944K,  16% used [0x00000000f5aa0000, 0x00000000f5c69340, 0x00000000f5c69400, 0x00000000f6550000)
 Metaspace       used 2533K, capacity 5656K, committed 6016K, reserved 1056768K
  class space    used 239K, capacity 523K, committed 640K, reserved 1048576K
}
Event: 1.219 GC heap before
{Heap before GC invocations=3 (full 0):
 def new generation   total 4928K, used 4801K [0x00000000f0800000, 0x00000000f0d50000, 0x00000000f5aa0000)
  eden space 4416K, 100% used [0x00000000f0800000, 0x00000000f0c50000, 0x00000000f0c50000)
  from space 512K,  75% used [0x00000000f0cd0000, 0x00000000f0d304b8, 0x00000000f0d50000)
  to   space 512K,   0% used [0x00000000f0c50000, 0x00000000f0c50000, 0x00000000f0cd0000)
 tenured generation   total 10944K, used 1828K [0x00000000f5aa0000, 0x00000000f6550000, 0x0000000100000000)
   the space 10944K,  16% used [0x00000000f5aa0000, 0x00000000f5c69340, 0x00000000f5c69400, 0x00000000f6550000)
 Metaspace       used 3170K, capacity 6006K, committed 6272K, reserved 1056768K
  class space    used 305K, capacity 577K, committed 640K, reserved 1048576K
}
Event: 1.293 GC heap after
{Heap after GC invocations=4 (full 0):
 def new generation   total 4928K, used 212K [0x00000000f0800000, 0x00000000f0d50000, 0x00000000f5aa0000)
  eden space 4416K,   0% used [0x00000000f0800000, 0x00000000f0800000, 0x00000000f0c50000)
  from space 512K,  41% used [0x00000000f0c50000, 0x00000000f0c853b0, 0x00000000f0cd0000)
  to   space 512K,   0% used [0x00000000f0cd0000, 0x00000000f0cd0000, 0x00000000f0d50000)
 tenured generation   total 10944K, used 1973K [0x00000000f5aa0000, 0x00000000f6550000, 0x0000000100000000)
   the space 10944K,  18% used [0x00000000f5aa0000, 0x00000000f5c8d638, 0x00000000f5c8d800, 0x00000000f6550000)
 Metaspace       used 3170K, capacity 6006K, committed 6272K, reserved 1056768K
  class space    used 305K, capacity 577K, committed 640K, reserved 1048576K
}
Event: 2.506 GC heap before
{Heap before GC invocations=4 (full 0):
 def new generation   total 4928K, used 4628K [0x00000000f0800000, 0x00000000f0d50000, 0x00000000f5aa0000)
  eden space 4416K, 100% used [0x00000000f0800000, 0x00000000f0c50000, 0x00000000f0c50000)
  from space 512K,  41% used [0x00000000f0c50000, 0x00000000f0c853b0, 0x00000000f0cd0000)
  to   space 512K,   0% used [0x00000000f0cd0000, 0x00000000f0cd0000, 0x00000000f0d50000)
 tenured generation   total 10944K, used 1973K [0x00000000f5aa0000, 0x00000000f6550000, 0x0000000100000000)
   the space 10944K,  18% used [0x00000000f5aa0000, 0x00000000f5c8d638, 0x00000000f5c8d800, 0x00000000f6550000)
 Metaspace       used 3582K, capacity 6300K, committed 6528K, reserved 1056768K
  class space    used 354K, capacity 611K, committed 640K, reserved 1048576K
}
Event: 2.742 GC heap after
{Heap after GC invocations=5 (full 0):
 def new generation   total 4928K, used 271K [0x00000000f0800000, 0x00000000f0d50000, 0x00000000f5aa0000)
  eden space 4416K,   0% used [0x00000000f0800000, 0x00000000f0800000, 0x00000000f0c50000)
  from space 512K,  52% used [0x00000000f0cd0000, 0x00000000f0d13c28, 0x00000000f0d50000)
  to   space 512K,   0% used [0x00000000f0c50000, 0x00000000f0c50000, 0x00000000f0cd0000)
 tenured generation   total 10944K, used 1973K [0x00000000f5aa0000, 0x00000000f6550000, 0x0000000100000000)
   the space 10944K,  18% used [0x00000000f5aa0000, 0x00000000f5c8d638, 0x00000000f5c8d800, 0x00000000f6550000)
 Metaspace       used 3582K, capacity 6300K, committed 6528K, reserved 1056768K
  class space    used 354K, capacity 611K, committed 640K, reserved 1048576K
}
Event: 10.382 GC heap before
{Heap before GC invocations=5 (full 0):
 def new generation   total 4928K, used 4687K [0x00000000f0800000, 0x00000000f0d50000, 0x00000000f5aa0000)
  eden space 4416K, 100% used [0x00000000f0800000, 0x00000000f0c50000, 0x00000000f0c50000)
  from space 512K,  52% used [0x00000000f0cd0000, 0x00000000f0d13c28, 0x00000000f0d50000)
  to   space 512K,   0% used [0x00000000f0c50000, 0x00000000f0c50000, 0x00000000f0cd0000)
 tenured generation   total 10944K, used 1973K [0x00000000f5aa0000, 0x00000000f6550000, 0x0000000100000000)
   the space 10944K,  18% used [0x00000000f5aa0000, 0x00000000f5c8d638, 0x00000000f5c8d800, 0x00000000f6550000)
 Metaspace       used 4221K, capacity 6597K, committed 6912K, reserved 1056768K
  class space    used 420K, capacity 645K, committed 768K, reserved 1048576K
}
Event: 10.414 GC heap after
{Heap after GC invocations=6 (full 0):
 def new generation   total 4928K, used 444K [0x00000000f0800000, 0x00000000f0d50000, 0x00000000f5aa0000)
  eden space 4416K,   0% used [0x00000000f0800000, 0x00000000f0800000, 0x00000000f0c50000)
  from space 512K,  86% used [0x00000000f0c50000, 0x00000000f0cbf3f8, 0x00000000f0cd0000)
  to   space 512K,   0% used [0x00000000f0cd0000, 0x00000000f0cd0000, 0x00000000f0d50000)
 tenured generation   total 10944K, used 2069K [0x00000000f5aa0000, 0x00000000f6550000, 0x0000000100000000)
   the space 10944K,  18% used [0x00000000f5aa0000, 0x00000000f5ca56c0, 0x00000000f5ca5800, 0x00000000f6550000)
 Metaspace       used 4221K, capacity 6597K, committed 6912K, reserved 1056768K
  class space    used 420K, capacity 645K, committed 768K, reserved 1048576K
}
Event: 17.970 GC heap before
{Heap before GC invocations=6 (full 0):
 def new generation   total 4928K, used 4860K [0x00000000f0800000, 0x00000000f0d50000, 0x00000000f5aa0000)
  eden space 4416K, 100% used [0x00000000f0800000, 0x00000000f0c50000, 0x00000000f0c50000)
  from space 512K,  86% used [0x00000000f0c50000, 0x00000000f0cbf3f8, 0x00000000f0cd0000)
  to   space 512K,   0% used [0x00000000f0cd0000, 0x00000000f0cd0000, 0x00000000f0d50000)
 tenured generation   total 10944K, used 2069K [0x00000000f5aa0000, 0x00000000f6550000, 0x0000000100000000)
   the space 10944K,  18% used [0x00000000f5aa0000, 0x00000000f5ca56c0, 0x00000000f5ca5800, 0x00000000f6550000)
 Metaspace       used 4647K, capacity 6841K, committed 7168K, reserved 1056768K
  class space    used 472K, capacity 684K, committed 768K, reserved 1048576K
}
Event: 17.991 GC heap after
{Heap after GC invocations=7 (full 0):
 def new generation   total 4928K, used 244K [0x00000000f0800000, 0x00000000f0d50000, 0x00000000f5aa0000)
  eden space 4416K,   0% used [0x00000000f0800000, 0x00000000f0800000, 0x00000000f0c50000)
  from space 512K,  47% used [0x00000000f0cd0000, 0x00000000f0d0d1a0, 0x00000000f0d50000)
  to   space 512K,   0% used [0x00000000f0c50000, 0x00000000f0c50000, 0x00000000f0cd0000)
 tenured generation   total 10944K, used 2328K [0x00000000f5aa0000, 0x00000000f6550000, 0x0000000100000000)
   the space 10944K,  21% used [0x00000000f5aa0000, 0x00000000f5ce60f8, 0x00000000f5ce6200, 0x00000000f6550000)
 Metaspace       used 4647K, capacity 6841K, committed 7168K, reserved 1056768K
  class space    used 472K, capacity 684K, committed 768K, reserved 1048576K
}
Event: 24.508 GC heap before
{Heap before GC invocations=7 (full 0):
 def new generation   total 4928K, used 4660K [0x00000000f0800000, 0x00000000f0d50000, 0x00000000f5aa0000)
  eden space 4416K, 100% used [0x00000000f0800000, 0x00000000f0c50000, 0x00000000f0c50000)
  from space 512K,  47% used [0x00000000f0cd0000, 0x00000000f0d0d1a0, 0x00000000f0d50000)
  to   space 512K,   0% used [0x00000000f0c50000, 0x00000000f0c50000, 0x00000000f0cd0000)
 tenured generation   total 10944K, used 2328K [0x00000000f5aa0000, 0x00000000f6550000, 0x0000000100000000)
   the space 10944K,  21% used [0x00000000f5aa0000, 0x00000000f5ce60f8, 0x00000000f5ce6200, 0x00000000f6550000)
 Metaspace       used 4849K, capacity 7065K, committed 7168K, reserved 1056768K
  class space    used 493K, capacity 716K, committed 768K, reserved 1048576K
}
Event: 24.624 GC heap after
{Heap after GC invocations=8 (full 0):
 def new generation   total 4928K, used 262K [0x00000000f0800000, 0x00000000f0d50000, 0x00000000f5aa0000)
  eden space 4416K,   0% used [0x00000000f0800000, 0x00000000f0800000, 0x00000000f0c50000)
  from space 512K,  51% used [0x00000000f0c50000, 0x00000000f0c91988, 0x00000000f0cd0000)
  to   space 512K,   0% used [0x00000000f0cd0000, 0x00000000f0cd0000, 0x00000000f0d50000)
 tenured generation   total 10944K, used 2328K [0x00000000f5aa0000, 0x00000000f6550000, 0x0000000100000000)
   the space 10944K,  21% used [0x00000000f5aa0000, 0x00000000f5ce60f8, 0x00000000f5ce6200, 0x00000000f6550000)
 Metaspace       used 4849K, capacity 7065K, committed 7168K, reserved 1056768K
  class space    used 493K, capacity 716K, committed 768K, reserved 1048576K
}

